<?xml version="1.0" encoding="UTF-8"?>
<testng-results skipped="0" failed="2" ignored="0" total="2" passed="0">
  <reporter-output>
    <line>
      <![CDATA[<p>  ---------------------xPasswordLogin---------------------  </p>]]>
    </line>
    <line>
      <![CDATA[<p>  ---------------------TEST STARTING---------------------  </p>]]>
    </line>
    <line>
      <![CDATA[<p>  Finished waiting  </p>]]>
    </line>
    <line>
      <![CDATA[<p>  Finished waiting  </p>]]>
    </line>
    <line>
      <![CDATA[<p>  STEP1: LOAD TEACHER PLATFORM  </p>]]>
    </line>
    <line>
      <![CDATA[<p>  STEP1: ENTER CORRECT EMAIL  </p>]]>
    </line>
    <line>
      <![CDATA[<p>  STEP1: ENTER INCORRECT PASSWORD  </p>]]>
    </line>
    <line>
      <![CDATA[<p>  Wait for 50 seconds  </p>]]>
    </line>
    <line>
      <![CDATA[<p>  testnull  </p>]]>
    </line>
    <line>
      <![CDATA[<p>  ---------------------xEmailLogin---------------------  </p>]]>
    </line>
    <line>
      <![CDATA[<p>  ---------------------TEST STARTING---------------------  </p>]]>
    </line>
    <line>
      <![CDATA[<p>  Finished waiting  </p>]]>
    </line>
    <line>
      <![CDATA[<p>  Finished waiting  </p>]]>
    </line>
    <line>
      <![CDATA[<p>  STEP1: LOAD TEACHER PLATFORM  </p>]]>
    </line>
    <line>
      <![CDATA[<p>  STEP1: ENTER INCORRECT EMAIL  </p>]]>
    </line>
    <line>
      <![CDATA[<p>  STEP1: ENTER CORRECT PASSWORD  </p>]]>
    </line>
    <line>
      <![CDATA[<p>  Wait for 50 seconds  </p>]]>
    </line>
    <line>
      <![CDATA[<p>  testnull  </p>]]>
    </line>
  </reporter-output>
  <suite name="Default suite" duration-ms="124920" started-at="2019-06-07T02:37:40Z" finished-at="2019-06-07T02:39:45Z">
    <groups>
    </groups>
    <test name="Default test" duration-ms="124920" started-at="2019-06-07T02:37:40Z" finished-at="2019-06-07T02:39:45Z">
      <class name="selenium.alignedMotion.Script.AMotionTeacherModule">
        <test-method status="PASS" signature="setupTest()[pri:0, instance:selenium.alignedMotion.Script.AMotionTeacherModule@7dc7cbad]" name="setupTest" is-config="true" duration-ms="3981" started-at="2019-06-07T02:37:40Z" finished-at="2019-06-07T02:37:44Z">
          <reporter-output>
          </reporter-output>
        </test-method> <!-- setupTest -->
        <test-method status="PASS" signature="beforeTest(java.lang.reflect.Method)[pri:0, instance:selenium.alignedMotion.Script.AMotionTeacherModule@7dc7cbad]" name="beforeTest" is-config="true" duration-ms="3012" started-at="2019-06-07T02:37:44Z" finished-at="2019-06-07T02:37:47Z">
          <params>
            <param index="0">
              <value>
                <![CDATA[public void selenium.alignedMotion.Script.AMotionTeacherModule.xPasswordLogin()]]>
              </value>
            </param>
          </params>
          <reporter-output>
            <line>
              <![CDATA[<p>  ---------------------xPasswordLogin---------------------  </p>]]>
            </line>
            <line>
              <![CDATA[<p>  ---------------------TEST STARTING---------------------  </p>]]>
            </line>
            <line>
              <![CDATA[<p>  Finished waiting  </p>]]>
            </line>
          </reporter-output>
        </test-method> <!-- beforeTest -->
        <test-method status="PASS" signature="beforeTestauth(java.lang.reflect.Method)[pri:0, instance:selenium.alignedMotion.Script.AMotionTeacherModule@7dc7cbad]" name="beforeTestauth" is-config="true" duration-ms="3003" started-at="2019-06-07T02:37:47Z" finished-at="2019-06-07T02:37:50Z">
          <params>
            <param index="0">
              <value>
                <![CDATA[public void selenium.alignedMotion.Script.AMotionTeacherModule.xPasswordLogin()]]>
              </value>
            </param>
          </params>
          <reporter-output>
            <line>
              <![CDATA[<p>  Finished waiting  </p>]]>
            </line>
          </reporter-output>
        </test-method> <!-- beforeTestauth -->
        <test-method status="FAIL" signature="xPasswordLogin()[pri:0, instance:selenium.alignedMotion.Script.AMotionTeacherModule@7dc7cbad]" name="xPasswordLogin" duration-ms="56508" started-at="2019-06-07T02:37:50Z" finished-at="2019-06-07T02:38:47Z">
          <exception class="java.lang.NullPointerException">
            <full-stacktrace>
              <![CDATA[java.lang.NullPointerException
at selenium.alignedMotion.POM.AlignedMotionTeacherAuthentication_POM.xPasswordLogin_POM(AlignedMotionTeacherAuthentication_POM.java:49)
at selenium.alignedMotion.Script.AMotionTeacherModule.xPasswordLogin(AMotionTeacherModule.java:26)
at sun.reflect.NativeMethodAccessorImpl.invoke0(Native Method)
at sun.reflect.NativeMethodAccessorImpl.invoke(NativeMethodAccessorImpl.java:62)
at sun.reflect.DelegatingMethodAccessorImpl.invoke(DelegatingMethodAccessorImpl.java:43)
at java.lang.reflect.Method.invoke(Method.java:498)
at org.testng.internal.MethodInvocationHelper.invokeMethod(MethodInvocationHelper.java:124)
at org.testng.internal.Invoker.invokeMethod(Invoker.java:580)
at org.testng.internal.Invoker.invokeTestMethod(Invoker.java:716)
at org.testng.internal.Invoker.invokeTestMethods(Invoker.java:988)
at org.testng.internal.TestMethodWorker.invokeTestMethods(TestMethodWorker.java:125)
at org.testng.internal.TestMethodWorker.run(TestMethodWorker.java:109)
at org.testng.TestRunner.privateRun(TestRunner.java:648)
at org.testng.TestRunner.run(TestRunner.java:505)
at org.testng.SuiteRunner.runTest(SuiteRunner.java:455)
at org.testng.SuiteRunner.runSequentially(SuiteRunner.java:450)
at org.testng.SuiteRunner.privateRun(SuiteRunner.java:415)
at org.testng.SuiteRunner.run(SuiteRunner.java:364)
at org.testng.SuiteRunnerWorker.runSuite(SuiteRunnerWorker.java:52)
at org.testng.SuiteRunnerWorker.run(SuiteRunnerWorker.java:84)
at org.testng.TestNG.runSuitesSequentially(TestNG.java:1208)
at org.testng.TestNG.runSuitesLocally(TestNG.java:1137)
at org.testng.TestNG.runSuites(TestNG.java:1049)
at org.testng.TestNG.run(TestNG.java:1017)
at org.testng.remote.AbstractRemoteTestNG.run(AbstractRemoteTestNG.java:114)
at org.testng.remote.RemoteTestNG.initAndRun(RemoteTestNG.java:251)
at org.testng.remote.RemoteTestNG.main(RemoteTestNG.java:77)
]]>
            </full-stacktrace>
          </exception> <!-- java.lang.NullPointerException -->
          <reporter-output>
            <line>
              <![CDATA[<p>  STEP1: LOAD TEACHER PLATFORM  </p>]]>
            </line>
            <line>
              <![CDATA[<p>  STEP1: ENTER CORRECT EMAIL  </p>]]>
            </line>
            <line>
              <![CDATA[<p>  STEP1: ENTER INCORRECT PASSWORD  </p>]]>
            </line>
            <line>
              <![CDATA[<p>  Wait for 50 seconds  </p>]]>
            </line>
            <line>
              <![CDATA[<p>  testnull  </p>]]>
            </line>
          </reporter-output>
        </test-method> <!-- xPasswordLogin -->
        <test-method status="PASS" signature="afterMethod(java.lang.reflect.Method, org.testng.ITestResult)[pri:0, instance:selenium.alignedMotion.Script.AMotionTeacherModule@7dc7cbad]" name="afterMethod" is-config="true" duration-ms="1" started-at="2019-06-07T02:38:47Z" finished-at="2019-06-07T02:38:47Z">
          <params>
            <param index="0">
              <value>
                <![CDATA[public void selenium.alignedMotion.Script.AMotionTeacherModule.xPasswordLogin()]]>
              </value>
            </param>
            <param index="1">
              <value>
                <![CDATA[[TestResult name=xPasswordLogin status=FAILURE method=AMotionTeacherModule.xPasswordLogin()[pri:0, instance:selenium.alignedMotion.Script.AMotionTeacherModule@7dc7cbad] output=<p>  STEP1: LOAD TEACHER PLATFORM  </p>]]]>
              </value>
            </param>
          </params>
          <reporter-output>
          </reporter-output>
        </test-method> <!-- afterMethod -->
        <test-method status="PASS" signature="beforeTest(java.lang.reflect.Method)[pri:0, instance:selenium.alignedMotion.Script.AMotionTeacherModule@7dc7cbad]" name="beforeTest" is-config="true" duration-ms="3001" started-at="2019-06-07T02:38:47Z" finished-at="2019-06-07T02:38:50Z">
          <params>
            <param index="0">
              <value>
                <![CDATA[public void selenium.alignedMotion.Script.AMotionTeacherModule.xEmailLogin()]]>
              </value>
            </param>
          </params>
          <reporter-output>
            <line>
              <![CDATA[<p>  ---------------------xEmailLogin---------------------  </p>]]>
            </line>
            <line>
              <![CDATA[<p>  ---------------------TEST STARTING---------------------  </p>]]>
            </line>
            <line>
              <![CDATA[<p>  Finished waiting  </p>]]>
            </line>
          </reporter-output>
        </test-method> <!-- beforeTest -->
        <test-method status="PASS" signature="beforeTestauth(java.lang.reflect.Method)[pri:0, instance:selenium.alignedMotion.Script.AMotionTeacherModule@7dc7cbad]" name="beforeTestauth" is-config="true" duration-ms="3002" started-at="2019-06-07T02:38:50Z" finished-at="2019-06-07T02:38:53Z">
          <params>
            <param index="0">
              <value>
                <![CDATA[public void selenium.alignedMotion.Script.AMotionTeacherModule.xEmailLogin()]]>
              </value>
            </param>
          </params>
          <reporter-output>
            <line>
              <![CDATA[<p>  Finished waiting  </p>]]>
            </line>
          </reporter-output>
        </test-method> <!-- beforeTestauth -->
        <test-method status="FAIL" signature="xEmailLogin()[pri:1, instance:selenium.alignedMotion.Script.AMotionTeacherModule@7dc7cbad]" name="xEmailLogin" duration-ms="52373" started-at="2019-06-07T02:38:53Z" finished-at="2019-06-07T02:39:45Z">
          <exception class="java.lang.NullPointerException">
            <full-stacktrace>
              <![CDATA[java.lang.NullPointerException
at selenium.alignedMotion.POM.AlignedMotionTeacherAuthentication_POM.xEmailLogin_POM(AlignedMotionTeacherAuthentication_POM.java:75)
at selenium.alignedMotion.Script.AMotionTeacherModule.xEmailLogin(AMotionTeacherModule.java:35)
at sun.reflect.NativeMethodAccessorImpl.invoke0(Native Method)
at sun.reflect.NativeMethodAccessorImpl.invoke(NativeMethodAccessorImpl.java:62)
at sun.reflect.DelegatingMethodAccessorImpl.invoke(DelegatingMethodAccessorImpl.java:43)
at java.lang.reflect.Method.invoke(Method.java:498)
at org.testng.internal.MethodInvocationHelper.invokeMethod(MethodInvocationHelper.java:124)
at org.testng.internal.Invoker.invokeMethod(Invoker.java:580)
at org.testng.internal.Invoker.invokeTestMethod(Invoker.java:716)
at org.testng.internal.Invoker.invokeTestMethods(Invoker.java:988)
at org.testng.internal.TestMethodWorker.invokeTestMethods(TestMethodWorker.java:125)
at org.testng.internal.TestMethodWorker.run(TestMethodWorker.java:109)
at org.testng.TestRunner.privateRun(TestRunner.java:648)
at org.testng.TestRunner.run(TestRunner.java:505)
at org.testng.SuiteRunner.runTest(SuiteRunner.java:455)
at org.testng.SuiteRunner.runSequentially(SuiteRunner.java:450)
at org.testng.SuiteRunner.privateRun(SuiteRunner.java:415)
at org.testng.SuiteRunner.run(SuiteRunner.java:364)
at org.testng.SuiteRunnerWorker.runSuite(SuiteRunnerWorker.java:52)
at org.testng.SuiteRunnerWorker.run(SuiteRunnerWorker.java:84)
at org.testng.TestNG.runSuitesSequentially(TestNG.java:1208)
at org.testng.TestNG.runSuitesLocally(TestNG.java:1137)
at org.testng.TestNG.runSuites(TestNG.java:1049)
at org.testng.TestNG.run(TestNG.java:1017)
at org.testng.remote.AbstractRemoteTestNG.run(AbstractRemoteTestNG.java:114)
at org.testng.remote.RemoteTestNG.initAndRun(RemoteTestNG.java:251)
at org.testng.remote.RemoteTestNG.main(RemoteTestNG.java:77)
]]>
            </full-stacktrace>
          </exception> <!-- java.lang.NullPointerException -->
          <reporter-output>
            <line>
              <![CDATA[<p>  STEP1: LOAD TEACHER PLATFORM  </p>]]>
            </line>
            <line>
              <![CDATA[<p>  STEP1: ENTER INCORRECT EMAIL  </p>]]>
            </line>
            <line>
              <![CDATA[<p>  STEP1: ENTER CORRECT PASSWORD  </p>]]>
            </line>
            <line>
              <![CDATA[<p>  Wait for 50 seconds  </p>]]>
            </line>
            <line>
              <![CDATA[<p>  testnull  </p>]]>
            </line>
          </reporter-output>
        </test-method> <!-- xEmailLogin -->
        <test-method status="PASS" signature="afterMethod(java.lang.reflect.Method, org.testng.ITestResult)[pri:0, instance:selenium.alignedMotion.Script.AMotionTeacherModule@7dc7cbad]" name="afterMethod" is-config="true" duration-ms="0" started-at="2019-06-07T02:39:45Z" finished-at="2019-06-07T02:39:45Z">
          <params>
            <param index="0">
              <value>
                <![CDATA[public void selenium.alignedMotion.Script.AMotionTeacherModule.xEmailLogin()]]>
              </value>
            </param>
            <param index="1">
              <value>
                <![CDATA[[TestResult name=xEmailLogin status=FAILURE method=AMotionTeacherModule.xEmailLogin()[pri:1, instance:selenium.alignedMotion.Script.AMotionTeacherModule@7dc7cbad] output=<p>  STEP1: LOAD TEACHER PLATFORM  </p>]]]>
              </value>
            </param>
          </params>
          <reporter-output>
          </reporter-output>
        </test-method> <!-- afterMethod -->
        <test-method status="PASS" signature="afterTest()[pri:0, instance:selenium.alignedMotion.Script.AMotionTeacherModule@7dc7cbad]" name="afterTest" is-config="true" duration-ms="0" started-at="2019-06-07T02:39:45Z" finished-at="2019-06-07T02:39:45Z">
          <reporter-output>
          </reporter-output>
        </test-method> <!-- afterTest -->
      </class> <!-- selenium.alignedMotion.Script.AMotionTeacherModule -->
    </test> <!-- Default test -->
  </suite> <!-- Default suite -->
</testng-results>
